<?xml version="1.0" encoding="UTF-8"?>
<!-- Generated by org.testng.reporters.JUnitReportReporter -->
<testsuite hostname="Mohits-MacBook-Air.local" failures="0" tests="3" name="com.crm.testCases.LoginPageTest" time="15.333" errors="0" timestamp="2021-04-17T23:43:12 IST" skipped="0">
  <testcase classname="com.crm.testCases.LoginPageTest" name="loginPageTitle" time="4.237"/>
  <system-out/>
  <testcase classname="com.crm.testCases.LoginPageTest" name="LoginIncorrectDetails" time="7.134"/>
  <system-out/>
  <testcase classname="com.crm.testCases.LoginPageTest" name="Login" time="3.962"/>
  <system-out/>
</testsuite> <!-- com.crm.testCases.LoginPageTest -->
