<?xml version="1.0" encoding="UTF-8"?>
<!-- Generated by org.testng.reporters.JUnitReportReporter -->
<testsuite hostname="Mohits-MacBook-Air.local" failures="0" tests="3" name="com.crm.testCases.LoginPageTest" time="47.315" errors="0" timestamp="2021-04-18T18:28:29 IST" skipped="0">
  <testcase classname="com.crm.testCases.LoginPageTest" name="loginPageTitle" time="10.230"/>
  <system-out/>
  <testcase classname="com.crm.testCases.LoginPageTest" name="LoginIncorrectDetails" time="18.636"/>
  <system-out/>
  <testcase classname="com.crm.testCases.LoginPageTest" name="Login" time="18.449"/>
  <system-out/>
</testsuite> <!-- com.crm.testCases.LoginPageTest -->
