<?xml version="1.0" encoding="UTF-8"?>
<!-- Generated by org.testng.reporters.JUnitReportReporter -->
<testsuite hostname="Mohits-MacBook-Air.local" failures="0" tests="2" name="com.crm.testCases.LoginPageTest" time="26.265" errors="0" timestamp="2021-05-01T19:27:26 IST" skipped="0">
  <testcase classname="com.crm.testCases.LoginPageTest" name="signUpButton" time="10.711"/>
  <system-out/>
  <testcase classname="com.crm.testCases.LoginPageTest" name="pricingButton" time="15.554"/>
  <system-out/>
</testsuite> <!-- com.crm.testCases.LoginPageTest -->
