<?xml version="1.0" encoding="UTF-8"?>
<!-- Generated by org.testng.reporters.JUnitReportReporter -->
<testsuite hostname="Mohits-MacBook-Air.local" failures="0" tests="3" name="com.crm.testCases.LoginPageTest" time="88.691" errors="0" timestamp="2021-04-20T13:20:15 IST" skipped="0">
  <testcase classname="com.crm.testCases.LoginPageTest" name="loginPageTitleTest" time="20.408"/>
  <system-out/>
  <testcase classname="com.crm.testCases.LoginPageTest" name="loginIncorrectDetailsTest" time="30.156"/>
  <system-out/>
  <testcase classname="com.crm.testCases.LoginPageTest" name="successfulLoginTest" time="38.127"/>
  <system-out/>
</testsuite> <!-- com.crm.testCases.LoginPageTest -->
