<?xml version="1.0" encoding="UTF-8"?>
<!-- Generated by org.testng.reporters.JUnitReportReporter -->
<testsuite hostname="Mohits-MacBook-Air.local" failures="0" tests="1" name="com.crm.testCases.HomePageTest" time="33.404" errors="0" timestamp="2021-04-22T11:36:17 IST" skipped="0">
  <testcase classname="com.crm.testCases.HomePageTest" name="auditTrailPage" time="33.404"/>
  <system-out/>
</testsuite> <!-- com.crm.testCases.HomePageTest -->
