<?xml version="1.0" encoding="UTF-8"?>
<!-- Generated by org.testng.reporters.JUnitReportReporter -->
<testsuite hostname="Mohits-MacBook-Air.local" failures="0" tests="1" name="com.crm.testCases.LoginPageTest" time="5.968" errors="0" timestamp="2021-04-16T22:14:57 IST" skipped="0">
  <testcase classname="com.crm.testCases.LoginPageTest" name="Login" time="5.968"/>
  <system-out/>
</testsuite> <!-- com.crm.testCases.LoginPageTest -->
