<?xml version="1.0" encoding="UTF-8"?>
<!-- Generated by org.testng.reporters.JUnitReportReporter -->
<testsuite hostname="Mohits-MacBook-Air.local" failures="0" tests="1" name="com.crm.testCases.HomePageTest" time="64.011" errors="0" timestamp="2021-05-02T22:19:23 IST" skipped="0">
  <testcase classname="com.crm.testCases.HomePageTest" name="mouseOverCalendar" time="64.011"/>
  <system-out/>
</testsuite> <!-- com.crm.testCases.HomePageTest -->
