<?xml version="1.0" encoding="UTF-8"?>
<!-- Generated by org.testng.reporters.JUnitReportReporter -->
<testsuite hostname="Mohits-MacBook-Air.local" failures="0" tests="3" name="com.crm.testCases.LoginPageTest" time="39.984" errors="0" timestamp="2021-04-19T11:13:31 IST" skipped="0">
  <testcase classname="com.crm.testCases.LoginPageTest" name="loginPageTitle" time="8.040"/>
  <system-out/>
  <testcase classname="com.crm.testCases.LoginPageTest" name="LoginIncorrectDetails" time="14.008"/>
  <system-out/>
  <testcase classname="com.crm.testCases.LoginPageTest" name="Login" time="17.936"/>
  <system-out/>
</testsuite> <!-- com.crm.testCases.LoginPageTest -->
