<?xml version="1.0" encoding="UTF-8"?>
<!-- Generated by org.testng.reporters.JUnitReportReporter -->
<testsuite hostname="Mohits-MacBook-Air.local" failures="0" tests="1" name="com.crm.testCases.LoginPageTest" time="78.518" errors="0" timestamp="2021-05-01T20:23:55 IST" skipped="0">
  <testcase classname="com.crm.testCases.LoginPageTest" name="contactButton" time="78.518"/>
  <system-out/>
</testsuite> <!-- com.crm.testCases.LoginPageTest -->
